<?xml version="1.0" encoding="UTF-8"?>
<!-- Generated by org.testng.reporters.JUnitReportReporter -->
<testsuite hostname="DESKTOP-V0D06AI" failures="0" tests="1" name="Hexa.Rest_Assured_API.TC007_DatadrivenTest_AddnewEmployees" time="4.980" errors="0" timestamp="2023-12-22T18:56:33 IST" skipped="0">
  <testcase classname="Hexa.Rest_Assured_API.TC007_DatadrivenTest_AddnewEmployees" name="postnewEmployees" time="4.980"/>
  <system-out/>
</testsuite> <!-- Hexa.Rest_Assured_API.TC007_DatadrivenTest_AddnewEmployees -->
