<?xml version="1.0" encoding="UTF-8"?>
<!-- Generated by org.testng.reporters.JUnitReportReporter -->
<testsuite hostname="DESKTOP-V0D06AI" failures="0" tests="3" name="Hexa.Rest_Assured_API.TC007_Datadriven_with_Dataprovider" time="10.464" errors="0" timestamp="2023-12-22T20:34:10 IST" skipped="0">
  <testcase classname="Hexa.Rest_Assured_API.TC007_Datadriven_with_Dataprovider" name="postnewEmployees" time="2.879"/>
  <system-out/>
  <testcase classname="Hexa.Rest_Assured_API.TC007_Datadriven_with_Dataprovider" name="postnewEmployees" time="1.867"/>
  <system-out/>
  <testcase classname="Hexa.Rest_Assured_API.TC007_Datadriven_with_Dataprovider" name="postnewEmployees" time="5.718"/>
  <system-out/>
</testsuite> <!-- Hexa.Rest_Assured_API.TC007_Datadriven_with_Dataprovider -->
