<?xml version="1.0" encoding="UTF-8"?>
<!-- Generated by org.testng.reporters.JUnitReportReporter -->
<testsuite hostname="DESKTOP-V0D06AI" failures="0" tests="1" name="Hexa.Rest_Assured_API.TC004_GET_Request_Printallheaders" time="2.767" errors="0" timestamp="2023-12-22T17:32:36 IST" skipped="0">
  <testcase classname="Hexa.Rest_Assured_API.TC004_GET_Request_Printallheaders" name="getweatherdetails" time="2.767"/>
  <system-out/>
</testsuite> <!-- Hexa.Rest_Assured_API.TC004_GET_Request_Printallheaders -->
